#
# A fatal error has been detected by the Java Runtime Environment:
#
#  SIGSEGV (0xb) at pc=0x000000010372bc29, pid=6376, tid=11523
#
# JRE version: Java(TM) SE Runtime Environment (8.0_66-b17) (build 1.8.0_66-b17)
# Java VM: Java HotSpot(TM) 64-Bit Server VM (25.66-b17 mixed mode bsd-amd64 compressed oops)
# Problematic frame:
# V  [libjvm.dylib+0x52bc29]
#
# Failed to write core dump. Core dumps have been disabled. To enable core dumping, try "ulimit -c unlimited" before starting Java again
#
# If you would like to submit a bug report, please visit:
#   http://bugreport.java.com/bugreport/crash.jsp
#

---------------  T H R E A D  ---------------

Current thread (0x00007fd11b808000):  VMThread [stack: 0x0000700007274000,0x0000700007374000] [id=11523]

siginfo: si_signo: 11 (SIGSEGV), si_code: 1 (SEGV_MAPERR), si_addr: 0x00007dd123824020

Registers:
RAX=0x0000000000000001, RBX=0x00007000073737c8, RCX=0x0000000000000006, RDX=0x0000000000027c80
RSP=0x00007000073735e0, RBP=0x0000700007373620, RSI=0x0000000102982e00, RDI=0x00007dd123824020
R8 =0x0000700007373638, R9 =0x00007fd1247b9080, R10=0x000007fd12447b8d, R11=0x0000000000000002
R12=0x00007fd12206c3f8, R13=0x00007fd1230acc60, R14=0x00007000073737cc, R15=0x00000000000014b0
RIP=0x000000010372bc29, EFLAGS=0x0000000000010246, ERR=0x0000000000000004
  TRAPNO=0x000000000000000e

Top of Stack: (sp=0x00007000073735e0)
0x00007000073735e0:   0000000103a24aa0 0000000000004b95
0x00007000073735f0:   0000700007373638 00007000073737c8
0x0000700007373600:   0000000000000000 00007fd11a2f6b60
0x0000700007373610:   00007000073737cc 0000700007373780
0x0000700007373620:   0000700007373650 000000010372bde3
0x0000700007373630:   0000000000000000 0000000000015a2b
0x0000700007373640:   0000700007373730 0000000103addde0
0x0000700007373650:   0000700007373800 00000001036bc028
0x0000700007373660:   0000000103ade060 000000000000001a
0x0000700007373670:   0000000000000b57 000000000000200c
0x0000700007373680:   0000000000000272 0000000000000002
0x0000700007373690:   0000000000000000 0a5ef15f8ff200f7
0x00007000073736a0:   00007000073737c8 0000700007373a20
0x00007000073736b0:   00000001037d7f53 0000000000000b57
0x00007000073736c0:   000000000000200c 0000000000000272
0x00007000073736d0:   0000000000000002 0000000103808462
0x00007000073736e0:   00000001037d0100 0000000103ade060
0x00007000073736f0:   000001bc83e85584 000003fc0cee815a
0x0000700007373700:   0000700007373701 0000000103808459
0x0000700007373710:   0000700007370100 0000000103ade060
0x0000700007373720:   000001bc7e69d0d9 000003fc0052de6a
0x0000700007373730:   00000001037d7f7e 0000000000000100
0x0000700007373740:   0000000103ade060 000001bc83ffc415
0x0000700007373750:   000003fc0d2446ad 0000000103ac7590
0x0000700007373760:   00007fd119e0ce20 0000000103ac75b0
0x0000700007373770:   0000700007373700 00007fd119e0ce20
0x0000700007373780:   0000000103ac9350 0000000000000004
0x0000700007373790:   00007fd119e0c960 0000000000000004
0x00007000073737a0:   000000010380844b 0000000000000100
0x00007000073737b0:   0000000103ade060 000001bc7e627a95
0x00007000073737c0:   000003fc00420805 00001e860000000e
0x00007000073737d0:   000050ee000003cb 00007fd119e030e0 

Instructions: (pc=0x000000010372bc29)
0x000000010372bc09:   f6 45 08 01 74 0c 48 8d 05 26 84 3a 00 83 38 00
0x000000010372bc19:   74 78 48 8d 05 ae 85 2e 00 48 63 00 49 8b 7d 10
0x000000010372bc29:   0f b7 0f 48 83 c1 0f 48 c1 e9 03 8d 4c 08 ff f7
0x000000010372bc39:   d8 21 c8 48 63 c0 4c 8b 45 d0 49 01 00 41 ff 06 

Register to memory mapping:

RAX=0x0000000000000001 is an unknown value
RBX=0x00007000073737c8 is an unknown value
RCX=0x0000000000000006 is an unknown value
RDX=0x0000000000027c80 is an unknown value
RSP=0x00007000073735e0 is an unknown value
RBP=0x0000700007373620 is an unknown value
RSI=0x0000000102982e00 is an unknown value
RDI=0x00007dd123824020 is an unknown value
R8 =0x0000700007373638 is an unknown value
R9 =0x00007fd1247b9080 is an unknown value
R10=0x000007fd12447b8d is an unknown value
R11=0x0000000000000002 is an unknown value
R12=0x00007fd12206c3f8 is an unknown value
R13=0x00007fd1230acc60 is an unknown value
R14=0x00007000073737cc is an unknown value
R15=0x00000000000014b0 is an unknown value


Stack: [0x0000700007274000,0x0000700007374000],  sp=0x00007000073735e0,  free space=1021k
Native frames: (J=compiled Java code, j=interpreted, Vv=VM code, C=native code)
V  [libjvm.dylib+0x52bc29]
V  [libjvm.dylib+0x52bde3]
V  [libjvm.dylib+0x4bc028]
V  [libjvm.dylib+0x4bd4c1]
V  [libjvm.dylib+0x4bdad5]
V  [libjvm.dylib+0x5a70eb]
V  [libjvm.dylib+0x5ad8b1]
V  [libjvm.dylib+0x5abf1b]
V  [libjvm.dylib+0x5ac368]
V  [libjvm.dylib+0x5abc87]
V  [libjvm.dylib+0x482cd6]
C  [libsystem_pthread.dylib+0x3661]  _pthread_body+0x154
C  [libsystem_pthread.dylib+0x350d]  _pthread_body+0x0
C  [libsystem_pthread.dylib+0x2bf9]  thread_start+0xd

VM_Operation (0x0000700006e62338): ParallelGCSystemGC, mode: safepoint, requested by thread 0x00007fd11a807000


---------------  P R O C E S S  ---------------

Java Threads: ( => current thread )
  0x00007fd12291e800 JavaThread "process reaper" daemon [_thread_blocked, id=21799, stack(0x0000700006bdc000,0x0000700006c04000)]
  0x00007fd11abb9000 JavaThread "Timer-0" daemon [_thread_blocked, id=23351, stack(0x00007000082a4000,0x00007000083a4000)]
  0x00007fd121dd9000 JavaThread "classloader-cache-cleanup-0" daemon [_thread_blocked, id=3079, stack(0x0000700007d95000,0x0000700007e95000)]
  0x00007fd11a82a800 JavaThread "Service Thread" daemon [_thread_blocked, id=14339, stack(0x0000700007b8f000,0x0000700007c8f000)]
  0x00007fd11a834800 JavaThread "C1 CompilerThread2" daemon [_thread_blocked, id=16387, stack(0x0000700007a8c000,0x0000700007b8c000)]
  0x00007fd11a046000 JavaThread "C2 CompilerThread1" daemon [_thread_blocked, id=16643, stack(0x0000700007989000,0x0000700007a89000)]
  0x00007fd11b816800 JavaThread "C2 CompilerThread0" daemon [_thread_blocked, id=17155, stack(0x0000700007886000,0x0000700007986000)]
  0x00007fd11a044800 JavaThread "JDWP Event Helper Thread" daemon [_thread_blocked, id=13571, stack(0x0000700007783000,0x0000700007883000)]
  0x00007fd11b026800 JavaThread "JDWP Transport Listener: dt_socket" daemon [_thread_in_native, id=17927, stack(0x0000700007680000,0x0000700007780000)]
  0x00007fd11a032800 JavaThread "Signal Dispatcher" daemon [_thread_blocked, id=18435, stack(0x000070000757d000,0x000070000767d000)]
  0x00007fd11b80b800 JavaThread "Finalizer" daemon [_thread_blocked, id=12547, stack(0x000070000747a000,0x000070000757a000)]
  0x00007fd11b80b000 JavaThread "Reference Handler" daemon [_thread_blocked, id=12035, stack(0x0000700007377000,0x0000700007477000)]
  0x00007fd11a807000 JavaThread "main" [_thread_blocked, id=6147, stack(0x0000700006d65000,0x0000700006e65000)]

Other Threads:
=>0x00007fd11b808000 VMThread [stack: 0x0000700007274000,0x0000700007374000] [id=11523]
  0x00007fd11b814000 WatcherThread [stack: 0x0000700007c92000,0x0000700007d92000] [id=14851]

VM state:at safepoint (normal execution)

VM Mutex/Monitor currently owned by a thread:  ([mutex/lock_event])
[0x00007fd119d01620] Threads_lock - owner thread: 0x00007fd11b808000
[0x00007fd119d01b20] Heap_lock - owner thread: 0x00007fd11a807000

Heap:
 PSYoungGen      total 306688K, used 8415K [0x00000007a0000000, 0x00000007b5b00000, 0x00000007c0000000)
  eden space 260096K, 0% used [0x00000007a0000000,0x00000007a0000000,0x00000007afe00000)
  from space 46592K, 18% used [0x00000007b2d80000,0x00000007b35b7c60,0x00000007b5b00000)
  to   space 47616K, 0% used [0x00000007afe00000,0x00000007afe00000,0x00000007b2c80000)
 ParOldGen       total 252416K, used 63654K [0x0000000760000000, 0x000000076f680000, 0x00000007a0000000)
  object space 252416K, 25% used [0x0000000760000000,0x0000000763e29aa8,0x000000076f680000)
 Metaspace       used 133460K, capacity 151510K, committed 151728K, reserved 1181696K
  class space    used 18221K, capacity 19333K, committed 19376K, reserved 1048576K

Card table byte_map: [0x0000000104606000,0x0000000104907000] byte_map_base: 0x0000000100b06000

Marking Bits: (ParMarkBitMap*) 0x0000000103adde20
 Begin Bits: [0x00000001163f9000, 0x0000000117bf9000)
 End Bits:   [0x0000000117bf9000, 0x00000001193f9000)

Polling page: 0x00000001029db000

CodeCache: size=245760Kb used=47960Kb max_used=48002Kb free=197799Kb
 bounds [0x00000001073f9000, 0x000000010a329000, 0x00000001163f9000]
 total_blobs=17864 nmethods=17059 adapters=718
 compilation: enabled

Compilation events (10 events):
Event: 1909.048 Thread 0x00007fd11a834800 nmethod 20878 0x00000001097ed090 code [0x00000001097ed2a0, 0x00000001097edad8]
Event: 1909.049 Thread 0x00007fd11b816800 20879   !   4       java.util.concurrent.ConcurrentHashMap::putVal (362 bytes)
Event: 1909.056 Thread 0x00007fd11a046000 20880       4       com.sun.jna.Structure::getFieldList (113 bytes)
Event: 1909.060 Thread 0x00007fd11a834800 20882       3       java.util.HashMap$EntrySet::<init> (10 bytes)
Event: 1909.061 Thread 0x00007fd11a834800 nmethod 20882 0x0000000109c487d0 code [0x0000000109c48940, 0x0000000109c48bd0]
Event: 1909.061 Thread 0x00007fd11a834800 20883       3       java.util.HashMap$EntrySet::iterator (12 bytes)
Event: 1909.062 Thread 0x00007fd11a834800 nmethod 20883 0x00000001097ecb90 code [0x00000001097ecd00, 0x00000001097ecf88]
Event: 1909.063 Thread 0x00007fd11a834800 20884       3       sbt.internal.nio.SwovalFileTreeView$::list (39 bytes)
Event: 1909.065 Thread 0x00007fd11a834800 nmethod 20884 0x000000010756e5d0 code [0x000000010756e820, 0x000000010756f848]
Event: 1909.065 Thread 0x00007fd11a834800 20886       3       scala.collection.TraversableLike$WithFilter::$anonfun$flatMap$2 (42 bytes)

GC Heap History (10 events):
Event: 962.935 GC heap after
Heap after GC invocations=22 (full 6):
 PSYoungGen      total 249856K, used 0K [0x00000007a0000000, 0x00000007b1d80000, 0x00000007c0000000)
  eden space 210432K, 0% used [0x00000007a0000000,0x00000007a0000000,0x00000007acd80000)
  from space 39424K, 0% used [0x00000007af500000,0x00000007af500000,0x00000007b1b80000)
  to   space 40448K, 0% used [0x00000007acd80000,0x00000007acd80000,0x00000007af500000)
 ParOldGen       total 252416K, used 63630K [0x0000000760000000, 0x000000076f680000, 0x00000007a0000000)
  object space 252416K, 25% used [0x0000000760000000,0x0000000763e23aa8,0x000000076f680000)
 Metaspace       used 100617K, capacity 115613K, committed 118320K, reserved 1153024K
  class space    used 14375K, capacity 15243K, committed 15664K, reserved 1048576K
}
Event: 979.259 GC heap before
{Heap before GC invocations=23 (full 6):
 PSYoungGen      total 249856K, used 210432K [0x00000007a0000000, 0x00000007b1d80000, 0x00000007c0000000)
  eden space 210432K, 100% used [0x00000007a0000000,0x00000007acd80000,0x00000007acd80000)
  from space 39424K, 0% used [0x00000007af500000,0x00000007af500000,0x00000007b1b80000)
  to   space 40448K, 0% used [0x00000007acd80000,0x00000007acd80000,0x00000007af500000)
 ParOldGen       total 252416K, used 63630K [0x0000000760000000, 0x000000076f680000, 0x00000007a0000000)
  object space 252416K, 25% used [0x0000000760000000,0x0000000763e23aa8,0x000000076f680000)
 Metaspace       used 114060K, capacity 130179K, committed 130352K, reserved 1163264K
  class space    used 16107K, capacity 17078K, committed 17200K, reserved 1048576K
Event: 979.271 GC heap after
Heap after GC invocations=23 (full 6):
 PSYoungGen      total 250880K, used 13335K [0x00000007a0000000, 0x00000007b3e00000, 0x00000007c0000000)
  eden space 210432K, 0% used [0x00000007a0000000,0x00000007a0000000,0x00000007acd80000)
  from space 40448K, 32% used [0x00000007acd80000,0x00000007ada85e70,0x00000007af500000)
  to   space 38912K, 0% used [0x00000007b1800000,0x00000007b1800000,0x00000007b3e00000)
 ParOldGen       total 252416K, used 63630K [0x0000000760000000, 0x000000076f680000, 0x00000007a0000000)
  object space 252416K, 25% used [0x0000000760000000,0x0000000763e23aa8,0x000000076f680000)
 Metaspace       used 114060K, capacity 130179K, committed 130352K, reserved 1163264K
  class space    used 16107K, capacity 17078K, committed 17200K, reserved 1048576K
}
Event: 1075.597 GC heap before
{Heap before GC invocations=24 (full 6):
 PSYoungGen      total 250880K, used 223767K [0x00000007a0000000, 0x00000007b3e00000, 0x00000007c0000000)
  eden space 210432K, 100% used [0x00000007a0000000,0x00000007acd80000,0x00000007acd80000)
  from space 40448K, 32% used [0x00000007acd80000,0x00000007ada85e70,0x00000007af500000)
  to   space 38912K, 0% used [0x00000007b1800000,0x00000007b1800000,0x00000007b3e00000)
 ParOldGen       total 252416K, used 63630K [0x0000000760000000, 0x000000076f680000, 0x00000007a0000000)
  object space 252416K, 25% used [0x0000000760000000,0x0000000763e23aa8,0x000000076f680000)
 Metaspace       used 132072K, capacity 149848K, committed 149936K, reserved 1179648K
  class space    used 18208K, capacity 19316K, committed 19376K, reserved 1048576K
Event: 1075.670 GC heap after
Heap after GC invocations=24 (full 6):
 PSYoungGen      total 280064K, used 33263K [0x00000007a0000000, 0x00000007b3f80000, 0x00000007c0000000)
  eden space 241152K, 0% used [0x00000007a0000000,0x00000007a0000000,0x00000007aeb80000)
  from space 38912K, 85% used [0x00000007b1800000,0x00000007b387bcd0,0x00000007b3e00000)
  to   space 43008K, 0% used [0x00000007aeb80000,0x00000007aeb80000,0x00000007b1580000)
 ParOldGen       total 252416K, used 63638K [0x0000000760000000, 0x000000076f680000, 0x00000007a0000000)
  object space 252416K, 25% used [0x0000000760000000,0x0000000763e25aa8,0x000000076f680000)
 Metaspace       used 132072K, capacity 149848K, committed 149936K, reserved 1179648K
  class space    used 18208K, capacity 19316K, committed 19376K, reserved 1048576K
}
Event: 1343.870 GC heap before
{Heap before GC invocations=25 (full 6):
 PSYoungGen      total 280064K, used 274415K [0x00000007a0000000, 0x00000007b3f80000, 0x00000007c0000000)
  eden space 241152K, 100% used [0x00000007a0000000,0x00000007aeb80000,0x00000007aeb80000)
  from space 38912K, 85% used [0x00000007b1800000,0x00000007b387bcd0,0x00000007b3e00000)
  to   space 43008K, 0% used [0x00000007aeb80000,0x00000007aeb80000,0x00000007b1580000)
 ParOldGen       total 252416K, used 63638K [0x0000000760000000, 0x000000076f680000, 0x00000007a0000000)
  object space 252416K, 25% used [0x0000000760000000,0x0000000763e25aa8,0x000000076f680000)
 Metaspace       used 132965K, capacity 150844K, committed 150960K, reserved 1181696K
  class space    used 18210K, capacity 19320K, committed 19376K, reserved 1048576K
Event: 1343.955 GC heap after
Heap after GC invocations=25 (full 6):
 PSYoungGen      total 284160K, used 39706K [0x00000007a0000000, 0x00000007b5d00000, 0x00000007c0000000)
  eden space 241152K, 0% used [0x00000007a0000000,0x00000007a0000000,0x00000007aeb80000)
  from space 43008K, 92% used [0x00000007aeb80000,0x00000007b1246a60,0x00000007b1580000)
  to   space 48640K, 0% used [0x00000007b2d80000,0x00000007b2d80000,0x00000007b5d00000)
 ParOldGen       total 252416K, used 63646K [0x0000000760000000, 0x000000076f680000, 0x00000007a0000000)
  object space 252416K, 25% used [0x0000000760000000,0x0000000763e27aa8,0x000000076f680000)
 Metaspace       used 132965K, capacity 150844K, committed 150960K, reserved 1181696K
  class space    used 18210K, capacity 19320K, committed 19376K, reserved 1048576K
}
Event: 1909.065 GC heap before
{Heap before GC invocations=26 (full 6):
 PSYoungGen      total 284160K, used 172997K [0x00000007a0000000, 0x00000007b5d00000, 0x00000007c0000000)
  eden space 241152K, 55% used [0x00000007a0000000,0x00000007a822aa68,0x00000007aeb80000)
  from space 43008K, 92% used [0x00000007aeb80000,0x00000007b1246a60,0x00000007b1580000)
  to   space 48640K, 0% used [0x00000007b2d80000,0x00000007b2d80000,0x00000007b5d00000)
 ParOldGen       total 252416K, used 63646K [0x0000000760000000, 0x000000076f680000, 0x00000007a0000000)
  object space 252416K, 25% used [0x0000000760000000,0x0000000763e27aa8,0x000000076f680000)
 Metaspace       used 133460K, capacity 151510K, committed 151728K, reserved 1181696K
  class space    used 18221K, capacity 19333K, committed 19376K, reserved 1048576K
Event: 1909.086 GC heap after
Heap after GC invocations=26 (full 6):
 PSYoungGen      total 306688K, used 8415K [0x00000007a0000000, 0x00000007b5b00000, 0x00000007c0000000)
  eden space 260096K, 0% used [0x00000007a0000000,0x00000007a0000000,0x00000007afe00000)
  from space 46592K, 18% used [0x00000007b2d80000,0x00000007b35b7c60,0x00000007b5b00000)
  to   space 47616K, 0% used [0x00000007afe00000,0x00000007afe00000,0x00000007b2c80000)
 ParOldGen       total 252416K, used 63654K [0x0000000760000000, 0x000000076f680000, 0x00000007a0000000)
  object space 252416K, 25% used [0x0000000760000000,0x0000000763e29aa8,0x000000076f680000)
 Metaspace       used 133460K, capacity 151510K, committed 151728K, reserved 1181696K
  class space    used 18221K, capacity 19333K, committed 19376K, reserved 1048576K
}
Event: 1909.086 GC heap before
{Heap before GC invocations=27 (full 7):
 PSYoungGen      total 306688K, used 8415K [0x00000007a0000000, 0x00000007b5b00000, 0x00000007c0000000)
  eden space 260096K, 0% used [0x00000007a0000000,0x00000007a0000000,0x00000007afe00000)
  from space 46592K, 18% used [0x00000007b2d80000,0x00000007b35b7c60,0x00000007b5b00000)
  to   space 47616K, 0% used [0x00000007afe00000,0x00000007afe00000,0x00000007b2c80000)
 ParOldGen       total 252416K, used 63654K [0x0000000760000000, 0x000000076f680000, 0x00000007a0000000)
  object space 252416K, 25% used [0x0000000760000000,0x0000000763e29aa8,0x000000076f680000)
 Metaspace       used 133460K, capacity 151510K, committed 151728K, reserved 1181696K
  class space    used 18221K, capacity 19333K, committed 19376K, reserved 1048576K

Deoptimization events (10 events):
Event: 1386.568 Thread 0x00007fd122aa1800 Uncommon trap: reason=bimorphic action=maybe_recompile pc=0x0000000108e9f990 method=scala.collection.mutable.ResizableArray.ensureSize(I)V @ 1
Event: 1386.568 Thread 0x00007fd122aa1800 Uncommon trap: reason=bimorphic action=maybe_recompile pc=0x0000000108e9f990 method=scala.collection.mutable.ResizableArray.ensureSize(I)V @ 1
Event: 1386.568 Thread 0x00007fd122aa1800 Uncommon trap: reason=bimorphic action=maybe_recompile pc=0x0000000108e9f990 method=scala.collection.mutable.ResizableArray.ensureSize(I)V @ 1
Event: 1386.568 Thread 0x00007fd122aa1800 Uncommon trap: reason=bimorphic action=maybe_recompile pc=0x0000000108e9f990 method=scala.collection.mutable.ResizableArray.ensureSize(I)V @ 1
Event: 1442.453 Thread 0x00007fd11a807000 Uncommon trap: reason=unstable_if action=reinterpret pc=0x0000000109e881fc method=sbt.internal.Continuous$.$anonfun$parseInputEvents$7(Ljava/io/InputStream;Lscala/Function1;Lsbt/util/Logger;)Lsbt/nio/Watch$Action; @ 13
Event: 1442.453 Thread 0x00007fd11a807000 Uncommon trap: reason=class_check action=maybe_recompile pc=0x000000010a04ae8c method=sbt.internal.util.complete.ParserMain.loop$1(ILsbt/internal/util/complete/Parser;Ljava/lang/String;)Lscala/util/Either; @ 107
Event: 1442.454 Thread 0x00007fd11a807000 Uncommon trap: reason=class_check action=maybe_recompile pc=0x00000001081da8ec method=sbt.internal.util.complete.ParserMain$$anon$3.derive(C)Lsbt/internal/util/complete/Parser; @ 19
Event: 1442.454 Thread 0x00007fd11a807000 Uncommon trap: reason=unstable_if action=reinterpret pc=0x000000010a04d174 method=sbt.nio.Watch$Action$ordering$.compare(Lsbt/nio/Watch$Action;Lsbt/nio/Watch$Action;)I @ 41
Event: 1442.493 Thread 0x00007fd11a807000 Uncommon trap: reason=class_check action=maybe_recompile pc=0x000000010a0b07ac method=sbt.internal.Continuous$.$anonfun$combineInputAndFileEvents$1(Lscala/Function0;Lscala/Function0;Lsbt/util/Logger;Lsbt/util/Logger;Ljava/lang/String;)Lsbt/nio/Watch$Actio
Event: 1450.884 Thread 0x00007fd11a807000 Uncommon trap: reason=unstable_if action=reinterpret pc=0x000000010989aeb8 method=scala.collection.IndexedSeqOptimized.segmentLength(Lscala/Function1;I)I @ 13

Internal exceptions (10 events):
Event: 1450.900 Thread 0x00007fd11aef9800 Exception <a 'sun/nio/fs/UnixException'> (0x00000007a7acd348) thrown at [/HUDSON3/workspace/8-2-build-macosx-x86_64/jdk8u66/4988/hotspot/src/share/vm/prims/jni.cpp, line 709]
Event: 1450.901 Thread 0x00007fd11aef9800 Exception <a 'sun/nio/fs/UnixException'> (0x00000007a7ad0b68) thrown at [/HUDSON3/workspace/8-2-build-macosx-x86_64/jdk8u66/4988/hotspot/src/share/vm/prims/jni.cpp, line 709]
Event: 1450.903 Thread 0x00007fd11a807000 Exception <a 'sun/nio/fs/UnixException'> (0x00000007a7a03c68) thrown at [/HUDSON3/workspace/8-2-build-macosx-x86_64/jdk8u66/4988/hotspot/src/share/vm/prims/jni.cpp, line 709]
Event: 1450.959 Thread 0x00007fd11a807000 Exception <a 'java/io/FileNotFoundException'> (0x00000007a7c6fc48) thrown at [/HUDSON3/workspace/8-2-build-macosx-x86_64/jdk8u66/4988/hotspot/src/share/vm/prims/jni.cpp, line 709]
Event: 1909.046 Thread 0x00007fd11a807000 Exception <a 'sun/nio/fs/UnixException'> (0x00000007a7ca01e0) thrown at [/HUDSON3/workspace/8-2-build-macosx-x86_64/jdk8u66/4988/hotspot/src/share/vm/prims/jni.cpp, line 709]
Event: 1909.055 Thread 0x00007fd122a6e000 Exception <a 'sun/nio/fs/UnixException'> (0x00000007a813d270) thrown at [/HUDSON3/workspace/8-2-build-macosx-x86_64/jdk8u66/4988/hotspot/src/share/vm/prims/jni.cpp, line 709]
Event: 1909.056 Thread 0x00007fd122a6e000 Exception <a 'sun/nio/fs/UnixException'> (0x00000007a813e170) thrown at [/HUDSON3/workspace/8-2-build-macosx-x86_64/jdk8u66/4988/hotspot/src/share/vm/prims/jni.cpp, line 709]
Event: 1909.056 Thread 0x00007fd122a6e000 Exception <a 'sun/nio/fs/UnixException'> (0x00000007a813f538) thrown at [/HUDSON3/workspace/8-2-build-macosx-x86_64/jdk8u66/4988/hotspot/src/share/vm/prims/jni.cpp, line 709]
Event: 1909.058 Thread 0x00007fd11ad76000 Exception <a 'sun/nio/fs/UnixException'> (0x00000007a81e9b10) thrown at [/HUDSON3/workspace/8-2-build-macosx-x86_64/jdk8u66/4988/hotspot/src/share/vm/prims/jni.cpp, line 709]
Event: 1909.064 Thread 0x00007fd11a807000 Exception <a 'sun/nio/fs/UnixException'> (0x00000007a8119218) thrown at [/HUDSON3/workspace/8-2-build-macosx-x86_64/jdk8u66/4988/hotspot/src/share/vm/prims/jni.cpp, line 709]

Events (10 events):
Event: 1909.065 Thread 0x00007fd11ad76000 DEOPT PACKING pc=0x00000001091840ec sp=0x000070000819d680
Event: 1909.065 Thread 0x00007fd11ad76000 DEOPT UNPACKING pc=0x0000000107440633 sp=0x000070000819d438 mode 1
Event: 1909.065 Thread 0x00007fd122a6e000 Thread exited: 0x00007fd122a6e000
Event: 1909.065 Thread 0x00007fd12181e000 DEOPT PACKING pc=0x0000000108d01729 sp=0x000070000809a5e0
Event: 1909.065 Thread 0x00007fd12181e000 DEOPT UNPACKING pc=0x0000000107440633 sp=0x000070000809a368 mode 1
Event: 1909.065 Thread 0x00007fd12181e000 DEOPT PACKING pc=0x00000001091840ec sp=0x000070000809a680
Event: 1909.065 Thread 0x00007fd12181e000 DEOPT UNPACKING pc=0x0000000107440633 sp=0x000070000809a438 mode 1
Event: 1909.065 Thread 0x00007fd12181e000 Thread exited: 0x00007fd12181e000
Event: 1909.065 Thread 0x00007fd11ad76000 Thread exited: 0x00007fd11ad76000
Event: 1909.065 Executing VM operation: ParallelGCSystemGC


Dynamic libraries:
0x0000000007054000 	/System/Library/Frameworks/Cocoa.framework/Versions/A/Cocoa
0x0000000007054000 	/System/Library/Frameworks/Security.framework/Versions/A/Security
0x0000000007054000 	/System/Library/Frameworks/ApplicationServices.framework/Versions/A/ApplicationServices
0x0000000007054000 	/usr/lib/libz.1.dylib
0x0000000007054000 	/usr/lib/libSystem.B.dylib
0x0000000007054000 	/usr/lib/libobjc.A.dylib
0x0000000007054000 	/System/Library/Frameworks/CoreFoundation.framework/Versions/A/CoreFoundation
0x0000000007054000 	/System/Library/Frameworks/Foundation.framework/Versions/C/Foundation
0x0000000007054000 	/System/Library/Frameworks/AppKit.framework/Versions/C/AppKit
0x0000000007054000 	/System/Library/Frameworks/CoreData.framework/Versions/A/CoreData
0x0000000007054000 	/System/Library/PrivateFrameworks/RemoteViewServices.framework/Versions/A/RemoteViewServices
0x0000000007054000 	/System/Library/PrivateFrameworks/UIFoundation.framework/Versions/A/UIFoundation
0x0000000007054000 	/System/Library/PrivateFrameworks/DFRFoundation.framework/Versions/A/DFRFoundation
0x0000000007054000 	/System/Library/Frameworks/Metal.framework/Versions/A/Metal
0x0000000007054000 	/System/Library/PrivateFrameworks/DesktopServicesPriv.framework/Versions/A/DesktopServicesPriv
0x0000000007054000 	/usr/lib/libenergytrace.dylib
0x0000000007054000 	/System/Library/PrivateFrameworks/SkyLight.framework/Versions/A/SkyLight
0x0000000007054000 	/System/Library/Frameworks/CoreGraphics.framework/Versions/A/CoreGraphics
0x0000000007054000 	/usr/lib/libScreenReader.dylib
0x0000000007054000 	/System/Library/Frameworks/Accelerate.framework/Versions/A/Accelerate
0x0000000007054000 	/System/Library/Frameworks/IOSurface.framework/Versions/A/IOSurface
0x0000000007054000 	/System/Library/Frameworks/AudioToolbox.framework/Versions/A/AudioToolbox
0x0000000007054000 	/System/Library/Frameworks/AudioUnit.framework/Versions/A/AudioUnit
0x0000000007054000 	/System/Library/PrivateFrameworks/DataDetectorsCore.framework/Versions/A/DataDetectorsCore
0x0000000007054000 	/System/Library/Frameworks/Carbon.framework/Versions/A/Frameworks/HIToolbox.framework/Versions/A/HIToolbox
0x0000000007054000 	/usr/lib/libicucore.A.dylib
0x0000000007054000 	/System/Library/Frameworks/QuartzCore.framework/Versions/A/QuartzCore
0x0000000007054000 	/System/Library/PrivateFrameworks/SignpostNotification.framework/Versions/A/SignpostNotification
0x0000000007054000 	/System/Library/Frameworks/Carbon.framework/Versions/A/Frameworks/SpeechRecognition.framework/Versions/A/SpeechRecognition
0x0000000007054000 	/usr/lib/libauto.dylib
0x0000000007054000 	/usr/lib/libxml2.2.dylib
0x0000000007054000 	/System/Library/PrivateFrameworks/CoreUI.framework/Versions/A/CoreUI
0x0000000007054000 	/System/Library/Frameworks/CoreAudio.framework/Versions/A/CoreAudio
0x0000000007054000 	/System/Library/Frameworks/DiskArbitration.framework/Versions/A/DiskArbitration
0x0000000007054000 	/usr/lib/liblangid.dylib
0x0000000007054000 	/System/Library/PrivateFrameworks/MultitouchSupport.framework/Versions/A/MultitouchSupport
0x0000000007054000 	/System/Library/Frameworks/IOKit.framework/Versions/A/IOKit
0x0000000007054000 	/usr/lib/libDiagnosticMessagesClient.dylib
0x0000000007054000 	/System/Library/Frameworks/CoreServices.framework/Versions/A/CoreServices
0x0000000007054000 	/System/Library/PrivateFrameworks/PerformanceAnalysis.framework/Versions/A/PerformanceAnalysis
0x0000000007054000 	/System/Library/Frameworks/OpenGL.framework/Versions/A/OpenGL
0x0000000007054000 	/System/Library/Frameworks/ColorSync.framework/Versions/A/ColorSync
0x0000000007054000 	/System/Library/Frameworks/CoreImage.framework/Versions/A/CoreImage
0x0000000007054000 	/System/Library/Frameworks/CoreText.framework/Versions/A/CoreText
0x0000000007054000 	/System/Library/Frameworks/ImageIO.framework/Versions/A/ImageIO
0x0000000007054000 	/System/Library/PrivateFrameworks/Backup.framework/Versions/A/Backup
0x0000000007054000 	/usr/lib/libarchive.2.dylib
0x0000000007054000 	/System/Library/Frameworks/CFNetwork.framework/Versions/A/CFNetwork
0x0000000007054000 	/System/Library/Frameworks/SystemConfiguration.framework/Versions/A/SystemConfiguration
0x0000000007054000 	/usr/lib/libCRFSuite.dylib
0x0000000007054000 	/usr/lib/libc++.1.dylib
0x0000000007054000 	/usr/lib/libc++abi.dylib
0x0000000007054000 	/usr/lib/system/libcache.dylib
0x0000000007054000 	/usr/lib/system/libcommonCrypto.dylib
0x0000000007054000 	/usr/lib/system/libcompiler_rt.dylib
0x0000000007054000 	/usr/lib/system/libcopyfile.dylib
0x0000000007054000 	/usr/lib/system/libcorecrypto.dylib
0x0000000007054000 	/usr/lib/system/libdispatch.dylib
0x0000000007054000 	/usr/lib/system/libdyld.dylib
0x0000000007054000 	/usr/lib/system/libkeymgr.dylib
0x0000000007054000 	/usr/lib/system/liblaunch.dylib
0x0000000007054000 	/usr/lib/system/libmacho.dylib
0x0000000007054000 	/usr/lib/system/libquarantine.dylib
0x0000000007054000 	/usr/lib/system/libremovefile.dylib
0x0000000007054000 	/usr/lib/system/libsystem_asl.dylib
0x0000000007054000 	/usr/lib/system/libsystem_blocks.dylib
0x0000000007054000 	/usr/lib/system/libsystem_c.dylib
0x0000000007054000 	/usr/lib/system/libsystem_configuration.dylib
0x0000000007054000 	/usr/lib/system/libsystem_coreservices.dylib
0x0000000007054000 	/usr/lib/system/libsystem_darwin.dylib
0x0000000007054000 	/usr/lib/system/libsystem_dnssd.dylib
0x0000000007054000 	/usr/lib/system/libsystem_info.dylib
0x0000000007054000 	/usr/lib/system/libsystem_m.dylib
0x0000000007054000 	/usr/lib/system/libsystem_malloc.dylib
0x0000000007054000 	/usr/lib/system/libsystem_network.dylib
0x0000000007054000 	/usr/lib/system/libsystem_networkextension.dylib
0x0000000007054000 	/usr/lib/system/libsystem_notify.dylib
0x0000000007054000 	/usr/lib/system/libsystem_sandbox.dylib
0x0000000007054000 	/usr/lib/system/libsystem_secinit.dylib
0x0000000007054000 	/usr/lib/system/libsystem_kernel.dylib
0x0000000007054000 	/usr/lib/system/libsystem_platform.dylib
0x0000000007054000 	/usr/lib/system/libsystem_pthread.dylib
0x0000000007054000 	/usr/lib/system/libsystem_symptoms.dylib
0x0000000007054000 	/usr/lib/system/libsystem_trace.dylib
0x0000000007054000 	/usr/lib/system/libunwind.dylib
0x0000000007054000 	/usr/lib/system/libxpc.dylib
0x0000000007054000 	/usr/lib/closure/libclosured.dylib
0x0000000007054000 	/usr/lib/libbsm.0.dylib
0x0000000007054000 	/usr/lib/system/libkxld.dylib
0x0000000007054000 	/usr/lib/libOpenScriptingUtil.dylib
0x0000000007054000 	/usr/lib/libcoretls.dylib
0x0000000007054000 	/usr/lib/libcoretls_cfhelpers.dylib
0x0000000007054000 	/usr/lib/libpam.2.dylib
0x0000000007054000 	/usr/lib/libsqlite3.dylib
0x0000000007054000 	/usr/lib/libxar.1.dylib
0x0000000007054000 	/usr/lib/libbz2.1.0.dylib
0x0000000007054000 	/usr/lib/liblzma.5.dylib
0x0000000007054000 	/usr/lib/libnetwork.dylib
0x0000000007054000 	/usr/lib/libapple_nghttp2.dylib
0x0000000007054000 	/usr/lib/libpcap.A.dylib
0x0000000007054000 	/usr/lib/libboringssl.dylib
0x0000000007054000 	/usr/lib/libusrtcp.dylib
0x0000000007054000 	/usr/lib/libapple_crypto.dylib
0x0000000007054000 	/System/Library/Frameworks/CoreServices.framework/Versions/A/Frameworks/FSEvents.framework/Versions/A/FSEvents
0x0000000007054000 	/System/Library/Frameworks/CoreServices.framework/Versions/A/Frameworks/CarbonCore.framework/Versions/A/CarbonCore
0x0000000007054000 	/System/Library/Frameworks/CoreServices.framework/Versions/A/Frameworks/Metadata.framework/Versions/A/Metadata
0x0000000007054000 	/System/Library/Frameworks/CoreServices.framework/Versions/A/Frameworks/OSServices.framework/Versions/A/OSServices
0x0000000007054000 	/System/Library/Frameworks/CoreServices.framework/Versions/A/Frameworks/SearchKit.framework/Versions/A/SearchKit
0x0000000007054000 	/System/Library/Frameworks/CoreServices.framework/Versions/A/Frameworks/AE.framework/Versions/A/AE
0x0000000007054000 	/System/Library/Frameworks/CoreServices.framework/Versions/A/Frameworks/LaunchServices.framework/Versions/A/LaunchServices
0x0000000007054000 	/System/Library/Frameworks/CoreServices.framework/Versions/A/Frameworks/DictionaryServices.framework/Versions/A/DictionaryServices
0x0000000007054000 	/System/Library/Frameworks/CoreServices.framework/Versions/A/Frameworks/SharedFileList.framework/Versions/A/SharedFileList
0x0000000007054000 	/System/Library/Frameworks/NetFS.framework/Versions/A/NetFS
0x0000000007054000 	/System/Library/PrivateFrameworks/NetAuth.framework/Versions/A/NetAuth
0x0000000007054000 	/System/Library/PrivateFrameworks/login.framework/Versions/A/Frameworks/loginsupport.framework/Versions/A/loginsupport
0x0000000007054000 	/System/Library/PrivateFrameworks/TCC.framework/Versions/A/TCC
0x0000000007054000 	/usr/lib/libmecabra.dylib
0x0000000007054000 	/System/Library/Frameworks/ApplicationServices.framework/Versions/A/Frameworks/ATS.framework/Versions/A/ATS
0x0000000007054000 	/System/Library/Frameworks/ApplicationServices.framework/Versions/A/Frameworks/ColorSyncLegacy.framework/Versions/A/ColorSyncLegacy
0x0000000007054000 	/System/Library/Frameworks/ApplicationServices.framework/Versions/A/Frameworks/HIServices.framework/Versions/A/HIServices
0x0000000007054000 	/System/Library/Frameworks/ApplicationServices.framework/Versions/A/Frameworks/LangAnalysis.framework/Versions/A/LangAnalysis
0x0000000007054000 	/System/Library/Frameworks/ApplicationServices.framework/Versions/A/Frameworks/PrintCore.framework/Versions/A/PrintCore
0x0000000007054000 	/System/Library/Frameworks/ApplicationServices.framework/Versions/A/Frameworks/QD.framework/Versions/A/QD
0x0000000007054000 	/System/Library/Frameworks/ApplicationServices.framework/Versions/A/Frameworks/SpeechSynthesis.framework/Versions/A/SpeechSynthesis
0x0000000007054000 	/System/Library/Frameworks/CoreDisplay.framework/Versions/A/CoreDisplay
0x0000000007054000 	/System/Library/Frameworks/Accelerate.framework/Versions/A/Frameworks/vImage.framework/Versions/A/vImage
0x0000000007054000 	/System/Library/Frameworks/Accelerate.framework/Versions/A/Frameworks/vecLib.framework/Versions/A/vecLib
0x0000000007054000 	/System/Library/Frameworks/Accelerate.framework/Versions/A/Frameworks/vecLib.framework/Versions/A/libvDSP.dylib
0x0000000007054000 	/System/Library/Frameworks/Accelerate.framework/Versions/A/Frameworks/vecLib.framework/Versions/A/libBNNS.dylib
0x0000000007054000 	/System/Library/Frameworks/Accelerate.framework/Versions/A/Frameworks/vecLib.framework/Versions/A/libQuadrature.dylib
0x0000000007054000 	/System/Library/Frameworks/Accelerate.framework/Versions/A/Frameworks/vecLib.framework/Versions/A/libvMisc.dylib
0x0000000007054000 	/System/Library/Frameworks/Accelerate.framework/Versions/A/Frameworks/vecLib.framework/Versions/A/libLAPACK.dylib
0x0000000007054000 	/System/Library/Frameworks/Accelerate.framework/Versions/A/Frameworks/vecLib.framework/Versions/A/libBLAS.dylib
0x0000000007054000 	/System/Library/Frameworks/Accelerate.framework/Versions/A/Frameworks/vecLib.framework/Versions/A/libLinearAlgebra.dylib
0x0000000007054000 	/System/Library/Frameworks/Accelerate.framework/Versions/A/Frameworks/vecLib.framework/Versions/A/libSparse.dylib
0x0000000007054000 	/System/Library/Frameworks/Accelerate.framework/Versions/A/Frameworks/vecLib.framework/Versions/A/libSparseBLAS.dylib
0x0000000007054000 	/System/Library/PrivateFrameworks/GPUWrangler.framework/Versions/A/GPUWrangler
0x0000000007054000 	/System/Library/PrivateFrameworks/IOAccelerator.framework/Versions/A/IOAccelerator
0x0000000007054000 	/System/Library/PrivateFrameworks/IOPresentment.framework/Versions/A/IOPresentment
0x0000000007054000 	/System/Library/PrivateFrameworks/DSExternalDisplay.framework/Versions/A/DSExternalDisplay
0x0000000007054000 	/System/Library/Frameworks/OpenGL.framework/Versions/A/Libraries/libCoreFSCache.dylib
0x0000000007054000 	/System/Library/Frameworks/CoreVideo.framework/Versions/A/CoreVideo
0x0000000007054000 	/System/Library/PrivateFrameworks/GraphVisualizer.framework/Versions/A/GraphVisualizer
0x0000000007054000 	/System/Library/Frameworks/MetalPerformanceShaders.framework/Versions/A/MetalPerformanceShaders
0x0000000007054000 	/usr/lib/libFosl_dynamic.dylib
0x0000000007054000 	/System/Library/PrivateFrameworks/FaceCore.framework/Versions/A/FaceCore
0x0000000007054000 	/System/Library/Frameworks/OpenCL.framework/Versions/A/OpenCL
0x0000000007054000 	/usr/lib/libcompression.dylib
0x0000000007054000 	/System/Library/Frameworks/ApplicationServices.framework/Versions/A/Frameworks/ATS.framework/Versions/A/Resources/libFontParser.dylib
0x0000000007054000 	/System/Library/Frameworks/ApplicationServices.framework/Versions/A/Frameworks/ATS.framework/Versions/A/Resources/libFontRegistry.dylib
0x0000000007054000 	/System/Library/Frameworks/ImageIO.framework/Versions/A/Resources/libJPEG.dylib
0x0000000007054000 	/System/Library/Frameworks/ImageIO.framework/Versions/A/Resources/libTIFF.dylib
0x0000000007054000 	/System/Library/Frameworks/ImageIO.framework/Versions/A/Resources/libPng.dylib
0x0000000007054000 	/System/Library/Frameworks/ImageIO.framework/Versions/A/Resources/libGIF.dylib
0x0000000007054000 	/System/Library/Frameworks/ImageIO.framework/Versions/A/Resources/libJP2.dylib
0x0000000007054000 	/System/Library/Frameworks/ImageIO.framework/Versions/A/Resources/libRadiance.dylib
0x0000000007054000 	/System/Library/PrivateFrameworks/AppleJPEG.framework/Versions/A/AppleJPEG
0x0000000007054000 	/System/Library/Frameworks/MetalPerformanceShaders.framework/Frameworks/MPSCore.framework/Versions/A/MPSCore
0x0000000007054000 	/System/Library/Frameworks/MetalPerformanceShaders.framework/Frameworks/MPSImage.framework/Versions/A/MPSImage
0x0000000007054000 	/System/Library/Frameworks/MetalPerformanceShaders.framework/Frameworks/MPSNeuralNetwork.framework/Versions/A/MPSNeuralNetwork
0x0000000007054000 	/System/Library/Frameworks/MetalPerformanceShaders.framework/Frameworks/MPSMatrix.framework/Versions/A/MPSMatrix
0x0000000007054000 	/System/Library/PrivateFrameworks/MetalTools.framework/Versions/A/MetalTools
0x0000000007054000 	/System/Library/Frameworks/OpenGL.framework/Versions/A/Libraries/libGLU.dylib
0x0000000007054000 	/System/Library/Frameworks/OpenGL.framework/Versions/A/Libraries/libGFXShared.dylib
0x0000000007054000 	/System/Library/Frameworks/OpenGL.framework/Versions/A/Libraries/libGL.dylib
0x0000000007054000 	/System/Library/Frameworks/OpenGL.framework/Versions/A/Libraries/libGLImage.dylib
0x0000000007054000 	/System/Library/Frameworks/OpenGL.framework/Versions/A/Libraries/libCVMSPluginSupport.dylib
0x0000000007054000 	/System/Library/Frameworks/OpenGL.framework/Versions/A/Libraries/libCoreVMClient.dylib
0x0000000007054000 	/usr/lib/libcups.2.dylib
0x0000000007054000 	/System/Library/Frameworks/Kerberos.framework/Versions/A/Kerberos
0x0000000007054000 	/System/Library/Frameworks/GSS.framework/Versions/A/GSS
0x0000000007054000 	/usr/lib/libresolv.9.dylib
0x0000000007054000 	/usr/lib/libiconv.2.dylib
0x0000000007054000 	/System/Library/PrivateFrameworks/Heimdal.framework/Versions/A/Heimdal
0x0000000007054000 	/usr/lib/libheimdal-asn1.dylib
0x0000000007054000 	/System/Library/Frameworks/OpenDirectory.framework/Versions/A/OpenDirectory
0x0000000007054000 	/System/Library/PrivateFrameworks/CommonAuth.framework/Versions/A/CommonAuth
0x0000000007054000 	/System/Library/Frameworks/OpenDirectory.framework/Versions/A/Frameworks/CFOpenDirectory.framework/Versions/A/CFOpenDirectory
0x0000000007054000 	/System/Library/Frameworks/SecurityFoundation.framework/Versions/A/SecurityFoundation
0x0000000007054000 	/System/Library/PrivateFrameworks/APFS.framework/Versions/A/APFS
0x0000000007054000 	/usr/lib/libutil.dylib
0x0000000007054000 	/System/Library/PrivateFrameworks/AppleSauce.framework/Versions/A/AppleSauce
0x0000000007054000 	/System/Library/PrivateFrameworks/LinguisticData.framework/Versions/A/LinguisticData
0x0000000007054000 	/usr/lib/libmarisa.dylib
0x0000000007054000 	/System/Library/PrivateFrameworks/Lexicon.framework/Versions/A/Lexicon
0x0000000007054000 	/usr/lib/libChineseTokenizer.dylib
0x0000000007054000 	/usr/lib/libcmph.dylib
0x0000000007054000 	/System/Library/PrivateFrameworks/LanguageModeling.framework/Versions/A/LanguageModeling
0x0000000007054000 	/System/Library/PrivateFrameworks/CoreEmoji.framework/Versions/A/CoreEmoji
0x0000000007054000 	/System/Library/Frameworks/ServiceManagement.framework/Versions/A/ServiceManagement
0x0000000007054000 	/System/Library/PrivateFrameworks/BackgroundTaskManagement.framework/Versions/A/BackgroundTaskManagement
0x0000000007054000 	/usr/lib/libxslt.1.dylib
0x0000000007054000 	/System/Library/Frameworks/Carbon.framework/Versions/A/Frameworks/Ink.framework/Versions/A/Ink
0x0000000007054000 	/System/Library/PrivateFrameworks/TextureIO.framework/Versions/A/TextureIO
0x0000000007054000 	/usr/lib/libate.dylib
0x0000000007054000 	/System/Library/PrivateFrameworks/CrashReporterSupport.framework/Versions/A/CrashReporterSupport
0x0000000007054000 	/System/Library/PrivateFrameworks/Sharing.framework/Versions/A/Sharing
0x0000000007054000 	/System/Library/PrivateFrameworks/IconServices.framework/Versions/A/IconServices
0x0000000007054000 	/System/Library/PrivateFrameworks/AuthKit.framework/Versions/A/AuthKit
0x0000000007054000 	/System/Library/PrivateFrameworks/Apple80211.framework/Versions/A/Apple80211
0x0000000007054000 	/System/Library/PrivateFrameworks/CoreUtils.framework/Versions/A/CoreUtils
0x0000000007054000 	/System/Library/Frameworks/CoreWLAN.framework/Versions/A/CoreWLAN
0x0000000007054000 	/System/Library/Frameworks/IOBluetooth.framework/Versions/A/IOBluetooth
0x0000000007054000 	/System/Library/PrivateFrameworks/ProtocolBuffer.framework/Versions/A/ProtocolBuffer
0x0000000007054000 	/System/Library/PrivateFrameworks/MobileKeyBag.framework/Versions/A/MobileKeyBag
0x0000000007054000 	/System/Library/PrivateFrameworks/CorePhoneNumbers.framework/Versions/A/CorePhoneNumbers
0x0000000007054000 	/System/Library/PrivateFrameworks/AppleIDAuthSupport.framework/Versions/A/AppleIDAuthSupport
0x0000000007054000 	/System/Library/PrivateFrameworks/KeychainCircle.framework/Versions/A/KeychainCircle
0x0000000007054000 	/System/Library/PrivateFrameworks/CoreWiFi.framework/Versions/A/CoreWiFi
0x0000000007054000 	/System/Library/Frameworks/CoreBluetooth.framework/Versions/A/CoreBluetooth
0x0000000007054000 	/System/Library/PrivateFrameworks/DebugSymbols.framework/Versions/A/DebugSymbols
0x0000000007054000 	/System/Library/PrivateFrameworks/CoreSymbolication.framework/Versions/A/CoreSymbolication
0x0000000007054000 	/System/Library/PrivateFrameworks/Symbolication.framework/Versions/A/Symbolication
0x0000000007054000 	/System/Library/PrivateFrameworks/AppleFSCompression.framework/Versions/A/AppleFSCompression
0x0000000007054000 	/System/Library/PrivateFrameworks/SpeechRecognitionCore.framework/Versions/A/SpeechRecognitionCore
0x0000000103200000 	/Library/Java/JavaVirtualMachines/jdk1.8.0_66.jdk/Contents/Home/jre/lib/server/libjvm.dylib
0x0000000007054000 	/usr/lib/libstdc++.6.0.9.dylib
0x00000001029cd000 	/Library/Java/JavaVirtualMachines/jdk1.8.0_66.jdk/Contents/Home/jre/lib/libverify.dylib
0x0000000104186000 	/Library/Java/JavaVirtualMachines/jdk1.8.0_66.jdk/Contents/Home/jre/lib/libjava.dylib
0x00000001041bb000 	/Library/Java/JavaVirtualMachines/jdk1.8.0_66.jdk/Contents/Home/jre/lib/libjdwp.dylib
0x00000001029dc000 	/Library/Java/JavaVirtualMachines/jdk1.8.0_66.jdk/Contents/Home/jre/lib/libnpt.dylib
0x00000001029e9000 	/Library/Java/JavaVirtualMachines/jdk1.8.0_66.jdk/Contents/Home/jre/lib/libzip.dylib
0x0000000007054000 	/System/Library/Frameworks/JavaVM.framework/Versions/A/Frameworks/JavaRuntimeSupport.framework/Versions/A/JavaRuntimeSupport
0x0000000007054000 	/System/Library/Frameworks/JavaVM.framework/Versions/A/Frameworks/JavaNativeFoundation.framework/Versions/A/JavaNativeFoundation
0x0000000007054000 	/System/Library/Frameworks/JavaVM.framework/Versions/A/JavaVM
0x0000000007054000 	/System/Library/Frameworks/Carbon.framework/Versions/A/Carbon
0x0000000007054000 	/System/Library/PrivateFrameworks/JavaLaunching.framework/Versions/A/JavaLaunching
0x0000000007054000 	/System/Library/Frameworks/Carbon.framework/Versions/A/Frameworks/CommonPanels.framework/Versions/A/CommonPanels
0x0000000007054000 	/System/Library/Frameworks/Carbon.framework/Versions/A/Frameworks/Help.framework/Versions/A/Help
0x0000000007054000 	/System/Library/Frameworks/Carbon.framework/Versions/A/Frameworks/ImageCapture.framework/Versions/A/ImageCapture
0x0000000007054000 	/System/Library/Frameworks/Carbon.framework/Versions/A/Frameworks/OpenScripting.framework/Versions/A/OpenScripting
0x0000000007054000 	/System/Library/Frameworks/Carbon.framework/Versions/A/Frameworks/Print.framework/Versions/A/Print
0x0000000007054000 	/System/Library/Frameworks/Carbon.framework/Versions/A/Frameworks/SecurityHI.framework/Versions/A/SecurityHI
0x0000000106906000 	/Library/Java/JavaVirtualMachines/jdk1.8.0_66.jdk/Contents/Home/jre/lib/libdt_socket.dylib
0x000000010692a000 	/Library/Java/JavaVirtualMachines/jdk1.8.0_66.jdk/Contents/Home/jre/lib/libnet.dylib
0x0000000106989000 	/Library/Java/JavaVirtualMachines/jdk1.8.0_66.jdk/Contents/Home/jre/lib/libnio.dylib
0x000000010724d000 	/Library/Java/JavaVirtualMachines/jdk1.8.0_66.jdk/Contents/Home/jre/lib/libmanagement.dylib
0x0000000106a1a000 	/private/var/folders/2_/94cgfrd10kz9s0wbtd0g1g6h0000gn/T/jna--972835333/jna2192975899358078634.tmp
0x0000000106bb2000 	/Library/Java/JavaVirtualMachines/jdk1.8.0_66.jdk/Contents/Home/jre/lib/libsunec.dylib
0x00000001069be000 	/Users/Tomohiro/.sbt/1.0/swoval-jni/7044709227611346156-libswoval-files0.dylib

VM Arguments:
jvm_args: -agentlib:jdwp=transport=dt_socket,address=localhost:58306,suspend=n,server=y -Xdebug -Xmx1536M -Dsbt.supershell=false -Didea.managed=true -Dfile.encoding=UTF-8 
java_command: /Users/Tomohiro/Library/Application Support/IdeaIC2019.2/Scala/launcher/sbt-launch.jar --addPluginSbtFile=/private/var/folders/2_/94cgfrd10kz9s0wbtd0g1g6h0000gn/T/idea.sbt ; set ideaPort in Global := 58015 ; idea-shell
java_class_path (initial): /Users/Tomohiro/Library/Application Support/IdeaIC2019.2/Scala/launcher/sbt-launch.jar
Launcher Type: SUN_STANDARD

Environment Variables:
PATH=/usr/local/opt/sqlite/bin:/opt/local/sbin:/opt/local/bin:/usr/local/bin:/usr/bin:/bin:/usr/sbin:/sbin:/Library/TeX/texbin:/opt/X11/bin:/usr/X11/bin:/Developer/android-sdk-macosx/tools
SHELL=/bin/bash
DISPLAY=/private/tmp/com.apple.launchd.PHVxOEdQvA/org.macosforge.xquartz:0

Signal Handlers:
SIGSEGV: [libjvm.dylib+0x5a65d5], sa_mask[0]=11111111011111110111111111111111, sa_flags=SA_ONSTACK|SA_RESTART|SA_SIGINFO
SIGBUS: [libjvm.dylib+0x5a65d5], sa_mask[0]=11111111011111110111111111111111, sa_flags=SA_RESTART|SA_SIGINFO
SIGFPE: [libjvm.dylib+0x4802e8], sa_mask[0]=11111111011111110111111111111111, sa_flags=SA_RESTART|SA_SIGINFO
SIGPIPE: [libjvm.dylib+0x4802e8], sa_mask[0]=11111111011111110111111111111111, sa_flags=SA_RESTART|SA_SIGINFO
SIGXFSZ: [libjvm.dylib+0x4802e8], sa_mask[0]=11111111011111110111111111111111, sa_flags=SA_RESTART|SA_SIGINFO
SIGILL: [libjvm.dylib+0x4802e8], sa_mask[0]=11111111011111110111111111111111, sa_flags=SA_RESTART|SA_SIGINFO
SIGUSR1: SIG_DFL, sa_mask[0]=00000000000000000000000000000000, sa_flags=none
SIGUSR2: [libjvm.dylib+0x47fe06], sa_mask[0]=00100000000000000000000000000000, sa_flags=SA_RESTART|SA_SIGINFO
SIGHUP: [libjvm.dylib+0x47e3dd], sa_mask[0]=11111111011111110111111111111111, sa_flags=SA_RESTART|SA_SIGINFO
SIGINT: [libjvm.dylib+0x47e3dd], sa_mask[0]=11111111011111110111111111111111, sa_flags=SA_RESTART|SA_SIGINFO
SIGTERM: [libjvm.dylib+0x47e3dd], sa_mask[0]=11111111011111110111111111111111, sa_flags=SA_RESTART|SA_SIGINFO
SIGQUIT: [libjvm.dylib+0x47e3dd], sa_mask[0]=11111111011111110111111111111111, sa_flags=SA_RESTART|SA_SIGINFO


---------------  S Y S T E M  ---------------

OS:Bsduname:Darwin 17.7.0 Darwin Kernel Version 17.7.0: Sun Jun  2 20:31:42 PDT 2019; root:xnu-4570.71.46~1/RELEASE_X86_64 x86_64
rlimit: STACK 8192k, CORE 0k, NPROC 709, NOFILE 10240, AS infinity
load average:2.76 2.54 2.82

CPU:total 4 (2 cores per cpu, 2 threads per core) family 6 model 42 stepping 7, cmov, cx8, fxsr, mmx, sse, sse2, sse3, ssse3, sse4.1, sse4.2, popcnt, avx, aes, clmul, ht, tsc, tscinvbit

Memory: 4k page, physical 10485760k(24672k free)

/proc/meminfo:


vm_info: Java HotSpot(TM) 64-Bit Server VM (25.66-b17) for bsd-amd64 JRE (1.8.0_66-b17), built on Oct  6 2015 16:09:13 by "java_re" with gcc 4.2.1 (Based on Apple Inc. build 5658) (LLVM build 2336.11.00)

time: Mon Sep 16 13:29:47 2019
elapsed time: 1909 seconds (0d 0h 31m 49s)

